# JRE version: OpenJDK Runtime Environment Temurin-17.0.11+9 (17.0.11+9) (build 17.0.11+9)
# Java VM: OpenJDK 64-Bit Server VM Temurin-17.0.11+9 (17.0.11+9, mixed mode, emulated-client, tiered, compressed oops, compressed class ptrs, g1 gc, windows-amd64)
GC Precious Log:
 CPUs: 12 total, 12 available
 Memory: 7521M
 Large Page Support: Disabled
 NUMA Support: Disabled
 Compressed Oops: Enabled (32-bit)
 Heap Region Size: 1M
 Heap Min Capacity: 8M
 Heap Initial Capacity: 118M
 Heap Max Capacity: 1G
 Pre-touch: Disabled
 Parallel Workers: 10
 Concurrent Workers: 3
 Concurrent Refinement Workers: 10
 Periodic GC: Disabled
Heap:
 garbage-first heap   total 130048K, used 38437K [0x00000000c0000000, 0x0000000100000000)
  region size 1024K, 1 young (1024K), 0 survivors (0K)
 Metaspace       used 63390K, committed 64256K, reserved 1114112K
  class space    used 7771K, committed 8128K, reserved 1048576K
GC Heap History (20 events):
Event: 17551.044 GC heap before
{Heap before GC invocations=990 (full 857):
 garbage-first heap   total 130048K, used 38437K [0x00000000c0000000, 0x0000000100000000)
  region size 1024K, 1 young (1024K), 0 survivors (0K)
 Metaspace       used 63390K, committed 64256K, reserved 1114112K
  class space    used 7771K, committed 8128K, reserved 1048576K
}
Event: 17551.068 GC heap after
{Heap after GC invocations=991 (full 858):
 garbage-first heap   total 130048K, used 38437K [0x00000000c0000000, 0x0000000100000000)
  region size 1024K, 0 young (0K), 0 survivors (0K)
 Metaspace       used 63390K, committed 64256K, reserved 1114112K
  class space    used 7771K, committed 8128K, reserved 1048576K
}
Event: 17561.160 GC heap before
{Heap before GC invocations=991 (full 858):
 garbage-first heap   total 130048K, used 38437K [0x00000000c0000000, 0x0000000100000000)
  region size 1024K, 1 young (1024K), 0 survivors (0K)
 Metaspace       used 63390K, committed 64256K, reserved 1114112K
  class space    used 7771K, committed 8128K, reserved 1048576K
}
Event: 17561.185 GC heap after
{Heap after GC invocations=992 (full 859):
 garbage-first heap   total 130048K, used 38437K [0x00000000c0000000, 0x0000000100000000)
  region size 1024K, 0 young (0K), 0 survivors (0K)
 Metaspace       used 63390K, committed 64256K, reserved 1114112K
  class space    used 7771K, committed 8128K, reserved 1048576K
}
Event: 17571.277 GC heap before
{Heap before GC invocations=992 (full 859):
 garbage-first heap   total 130048K, used 38437K [0x00000000c0000000, 0x0000000100000000)
  region size 1024K, 1 young (1024K), 0 survivors (0K)
 Metaspace       used 63390K, committed 64256K, reserved 1114112K
  class space    used 7771K, committed 8128K, reserved 1048576K
}
Event: 17571.299 GC heap after
{Heap after GC invocations=993 (full 860):
 garbage-first heap   total 130048K, used 38437K [0x00000000c0000000, 0x0000000100000000)
  region size 1024K, 0 young (0K), 0 survivors (0K)
 Metaspace       used 63390K, committed 64256K, reserved 1114112K
  class space    used 7771K, committed 8128K, reserved 1048576K
}
Event: 17581.399 GC heap before
{Heap before GC invocations=993 (full 860):
 garbage-first heap   total 130048K, used 38437K [0x00000000c0000000, 0x0000000100000000)
  region size 1024K, 1 young (1024K), 0 survivors (0K)
 Metaspace       used 63390K, committed 64256K, reserved 1114112K
  class space    used 7771K, committed 8128K, reserved 1048576K
}
Event: 17581.423 GC heap after
{Heap after GC invocations=994 (full 861):
 garbage-first heap   total 130048K, used 38437K [0x00000000c0000000, 0x0000000100000000)
  region size 1024K, 0 young (0K), 0 survivors (0K)
 Metaspace       used 63390K, committed 64256K, reserved 1114112K
  class space    used 7771K, committed 8128K, reserved 1048576K
}
Event: 17591.500 GC heap before
{Heap before GC invocations=994 (full 861):
 garbage-first heap   total 130048K, used 38437K [0x00000000c0000000, 0x0000000100000000)
  region size 1024K, 1 young (1024K), 0 survivors (0K)
 Metaspace       used 63390K, committed 64256K, reserved 1114112K
  class space    used 7771K, committed 8128K, reserved 1048576K
}
Event: 17591.526 GC heap after
{Heap after GC invocations=995 (full 862):
 garbage-first heap   total 130048K, used 38437K [0x00000000c0000000, 0x0000000100000000)
  region size 1024K, 0 young (0K), 0 survivors (0K)
 Metaspace       used 63390K, committed 64256K, reserved 1114112K
  class space    used 7771K, committed 8128K, reserved 1048576K
}
Event: 17601.634 GC heap before
{Heap before GC invocations=995 (full 862):
 garbage-first heap   total 130048K, used 38437K [0x00000000c0000000, 0x0000000100000000)
  region size 1024K, 1 young (1024K), 0 survivors (0K)
 Metaspace       used 63390K, committed 64256K, reserved 1114112K
  class space    used 7771K, committed 8128K, reserved 1048576K
}
Event: 17601.661 GC heap after
{Heap after GC invocations=996 (full 863):
 garbage-first heap   total 130048K, used 38437K [0x00000000c0000000, 0x0000000100000000)
  region size 1024K, 0 young (0K), 0 survivors (0K)
 Metaspace       used 63390K, committed 64256K, reserved 1114112K
  class space    used 7771K, committed 8128K, reserved 1048576K
}
Event: 17611.736 GC heap before
{Heap before GC invocations=996 (full 863):
 garbage-first heap   total 130048K, used 38437K [0x00000000c0000000, 0x0000000100000000)
  region size 1024K, 1 young (1024K), 0 survivors (0K)
 Metaspace       used 63390K, committed 64256K, reserved 1114112K
  class space    used 7771K, committed 8128K, reserved 1048576K
}
Event: 17611.762 GC heap after
{Heap after GC invocations=997 (full 864):
 garbage-first heap   total 130048K, used 38437K [0x00000000c0000000, 0x0000000100000000)
  region size 1024K, 0 young (0K), 0 survivors (0K)
 Metaspace       used 63390K, committed 64256K, reserved 1114112K
  class space    used 7771K, committed 8128K, reserved 1048576K
}
Event: 17621.838 GC heap before
{Heap before GC invocations=997 (full 864):
 garbage-first heap   total 130048K, used 38437K [0x00000000c0000000, 0x0000000100000000)
  region size 1024K, 1 young (1024K), 0 survivors (0K)
 Metaspace       used 63390K, committed 64256K, reserved 1114112K
  class space    used 7771K, committed 8128K, reserved 1048576K
}
Event: 17621.862 GC heap after
{Heap after GC invocations=998 (full 865):
 garbage-first heap   total 130048K, used 38437K [0x00000000c0000000, 0x0000000100000000)
  region size 1024K, 0 young (0K), 0 survivors (0K)
 Metaspace       used 63390K, committed 64256K, reserved 1114112K
  class space    used 7771K, committed 8128K, reserved 1048576K
}
Event: 17631.955 GC heap before
{Heap before GC invocations=998 (full 865):
 garbage-first heap   total 130048K, used 38437K [0x00000000c0000000, 0x0000000100000000)
  region size 1024K, 1 young (1024K), 0 survivors (0K)
 Metaspace       used 63390K, committed 64256K, reserved 1114112K
  class space    used 7771K, committed 8128K, reserved 1048576K
}
Event: 17631.979 GC heap after
{Heap after GC invocations=999 (full 866):
 garbage-first heap   total 130048K, used 38437K [0x00000000c0000000, 0x0000000100000000)
  region size 1024K, 0 young (0K), 0 survivors (0K)
 Metaspace       used 63390K, committed 64256K, reserved 1114112K
  class space    used 7771K, committed 8128K, reserved 1048576K
}
Event: 17642.071 GC heap before
{Heap before GC invocations=999 (full 866):
 garbage-first heap   total 130048K, used 38437K [0x00000000c0000000, 0x0000000100000000)
  region size 1024K, 1 young (1024K), 0 survivors (0K)
 Metaspace       used 63390K, committed 64256K, reserved 1114112K
  class space    used 7771K, committed 8128K, reserved 1048576K
}
Event: 17642.096 GC heap after
{Heap after GC invocations=1000 (full 867):
 garbage-first heap   total 130048K, used 38437K [0x00000000c0000000, 0x0000000100000000)
  region size 1024K, 0 young (0K), 0 survivors (0K)
 Metaspace       used 63390K, committed 64256K, reserved 1114112K
  class space    used 7771K, committed 8128K, reserved 1048576K
}

